<?xml version="1.0" encoding="UTF-8"?>
<!-- Generated by org.testng.reporters.JUnitXMLReporter -->
<testsuite ignored="0" hostname="HTC-D-CQX99R2" failures="0" tests="5" name="Default test" time="25.582" errors="0" timestamp="2024-06-05T13:02:33 IST">
  <testcase classname="makemytrip.TestCases.SearchaTicket" name="testFromCity" time="1.632"/>
  <testcase classname="makemytrip.TestCases.SearchaTicket" name="testToCity" time="1.691"/>
  <testcase classname="makemytrip.TestCases.SearchaTicket" name="selectDateTest" time="0.238"/>
  <testcase classname="makemytrip.TestCases.SearchaTicket" name="TravellersDataSelectTest" time="0.486"/>
  <testcase classname="makemytrip.TestCases.SearchaTicket" name="testSearchButtonFunctionality" time="3.141"/>
</testsuite> <!-- Default test -->
