<?xml version="1.0" encoding="UTF-8"?>
<!-- Generated by org.testng.reporters.JUnitXMLReporter -->
<testsuite ignored="0" hostname="HTC-D-CQX99R2" failures="0" tests="5" name="Default test" time="27.911" errors="0" timestamp="2024-06-05T14:52:37 IST">
  <testcase classname="makemytrip.TestCases.SearchaTicket" name="testFromCity" time="1.584"/>
  <testcase classname="makemytrip.TestCases.SearchaTicket" name="testToCity" time="1.735"/>
  <testcase classname="makemytrip.TestCases.SearchaTicket" name="selectDateTest" time="0.409"/>
  <testcase classname="makemytrip.TestCases.SearchaTicket" name="TravellersDataSelectTest" time="0.523"/>
  <testcase classname="makemytrip.TestCases.SearchaTicket" name="testSearchButtonFunctionality" time="2.902"/>
</testsuite> <!-- Default test -->
