<?xml version="1.0" encoding="UTF-8"?>
<testng-results ignored="0" total="2" passed="2" failed="0" skipped="0">
  <reporter-output>
  </reporter-output>
  <suite started-at="2024-05-28T10:57:09 IST" name="Default suite" finished-at="2024-05-28T10:57:16 IST" duration-ms="6888">
    <groups>
    </groups>
    <test started-at="2024-05-28T10:57:09 IST" name="Default test" finished-at="2024-05-28T10:57:16 IST" duration-ms="6888">
      <class name="makemytrip.TestCases.SearchaTicket">
        <test-method is-config="true" signature="setUp()[pri:0, instance:makemytrip.TestCases.SearchaTicket@7bba5817]" started-at="2024-05-28T10:57:09 IST" name="setUp" finished-at="2024-05-28T10:57:15 IST" duration-ms="6150" status="PASS">
          <reporter-output>
          </reporter-output>
        </test-method> <!-- setUp -->
        <test-method signature="testFromCity()[pri:0, instance:makemytrip.TestCases.SearchaTicket@7bba5817]" started-at="2024-05-28T10:57:15 IST" name="testFromCity" finished-at="2024-05-28T10:57:15 IST" duration-ms="326" status="PASS">
          <reporter-output>
          </reporter-output>
        </test-method> <!-- testFromCity -->
        <test-method signature="testToCity()[pri:0, instance:makemytrip.TestCases.SearchaTicket@7bba5817]" started-at="2024-05-28T10:57:15 IST" name="testToCity" finished-at="2024-05-28T10:57:16 IST" duration-ms="347" status="PASS">
          <reporter-output>
          </reporter-output>
        </test-method> <!-- testToCity -->
      </class> <!-- makemytrip.TestCases.SearchaTicket -->
    </test> <!-- Default test -->
  </suite> <!-- Default suite -->
</testng-results>
