<?xml version="1.0" encoding="UTF-8"?>
<testng-results ignored="0" total="2" passed="2" failed="0" skipped="0">
  <reporter-output>
  </reporter-output>
  <suite started-at="2024-05-28T10:15:06 IST" name="Default suite" finished-at="2024-05-28T10:15:15 IST" duration-ms="8194">
    <groups>
    </groups>
    <test started-at="2024-05-28T10:15:06 IST" name="Default test" finished-at="2024-05-28T10:15:15 IST" duration-ms="8194">
      <class name="makemytrip.TestCases.SearchaTicket">
        <test-method is-config="true" signature="setUp()[pri:0, instance:makemytrip.TestCases.SearchaTicket@742ff096]" started-at="2024-05-28T10:15:07 IST" name="setUp" finished-at="2024-05-28T10:15:14 IST" duration-ms="6996" status="PASS">
          <reporter-output>
          </reporter-output>
        </test-method> <!-- setUp -->
        <test-method signature="testFromCity()[pri:0, instance:makemytrip.TestCases.SearchaTicket@742ff096]" started-at="2024-05-28T10:15:14 IST" name="testFromCity" finished-at="2024-05-28T10:15:14 IST" duration-ms="447" status="PASS">
          <reporter-output>
          </reporter-output>
        </test-method> <!-- testFromCity -->
        <test-method signature="testToCity()[pri:0, instance:makemytrip.TestCases.SearchaTicket@742ff096]" started-at="2024-05-28T10:15:14 IST" name="testToCity" finished-at="2024-05-28T10:15:14 IST" duration-ms="310" status="PASS">
          <reporter-output>
          </reporter-output>
        </test-method> <!-- testToCity -->
        <test-method is-config="true" signature="tearDown()[pri:0, instance:makemytrip.TestCases.SearchaTicket@742ff096]" started-at="2024-05-28T10:15:14 IST" name="tearDown" finished-at="2024-05-28T10:15:15 IST" duration-ms="369" status="PASS">
          <reporter-output>
          </reporter-output>
        </test-method> <!-- tearDown -->
      </class> <!-- makemytrip.TestCases.SearchaTicket -->
    </test> <!-- Default test -->
  </suite> <!-- Default suite -->
</testng-results>
